[0.006s] Invoking command in '/home/ubuntu/ROS2/ros_workspace_name/param_launch_pub_sub_ws/build/param_launch_pub_sub_pkg': CMAKE_PREFIX_PATH=${CMAKE_PREFIX_PATH}:/opt/ros/jazzy DEBUGINFOD_URLS=https://debuginfod.ubuntu.com /usr/bin/cmake --build /home/ubuntu/ROS2/ros_workspace_name/param_launch_pub_sub_ws/build/param_launch_pub_sub_pkg -- -j8 -l8
[0.053s] [ 50%] Building CXX object CMakeFiles/rpm_pub.dir/src/rpm_pub.cpp.o
[1.655s] /home/ubuntu/ROS2/ros_workspace_name/param_launch_pub_sub_ws/src/param_launch_pub_sub_pkg/src/rpm_pub.cpp: In constructor ‘RpmPubNode::RpmPubNode()’:
[1.655s] /home/ubuntu/ROS2/ros_workspace_name/param_launch_pub_sub_ws/src/param_launch_pub_sub_pkg/src/rpm_pub.cpp:14:19: error: ‘class RpmPubNode’ has no member named ‘decalare_parameter’; did you mean ‘declare_parameter’?
[1.655s]    14 |             this->decalare_parameter<double>("rpm_val", RPM_DEFAULT_VALUE );
[1.655s]       |                   ^~~~~~~~~~~~~~~~~~
[1.655s]       |                   declare_parameter
[1.655s] /home/ubuntu/ROS2/ros_workspace_name/param_launch_pub_sub_ws/src/param_launch_pub_sub_pkg/src/rpm_pub.cpp:14:38: error: expected primary-expression before ‘double’
[1.656s]    14 |             this->decalare_parameter<double>("rpm_val", RPM_DEFAULT_VALUE );
[1.656s]       |                                      ^~~~~~
[1.662s] /home/ubuntu/ROS2/ros_workspace_name/param_launch_pub_sub_ws/src/param_launch_pub_sub_pkg/src/rpm_pub.cpp: In member function ‘void RpmPubNode::publish_rpm()’:
[1.663s] /home/ubuntu/ROS2/ros_workspace_name/param_launch_pub_sub_ws/src/param_launch_pub_sub_pkg/src/rpm_pub.cpp:22:19: error: ‘class RpmPubNode’ has no member named ‘decalare_parameter’; did you mean ‘declare_parameter’?
[1.663s]    22 |             this->decalare_parameter("rpm_val", rpm_val_param_);
[1.663s]       |                   ^~~~~~~~~~~~~~~~~~
[1.663s]       |                   declare_parameter
[1.663s] /home/ubuntu/ROS2/ros_workspace_name/param_launch_pub_sub_ws/src/param_launch_pub_sub_pkg/src/rpm_pub.cpp: At global scope:
[1.663s] /home/ubuntu/ROS2/ros_workspace_name/param_launch_pub_sub_ws/src/param_launch_pub_sub_pkg/src/rpm_pub.cpp:32:1: error: two or more data types in declaration of ‘main’
[1.663s]    32 | int int main (int argc, char *argv[]) {
[1.663s]       | ^~~
[2.368s] gmake[2]: *** [CMakeFiles/rpm_pub.dir/build.make:76: CMakeFiles/rpm_pub.dir/src/rpm_pub.cpp.o] Error 1
[2.368s] gmake[1]: *** [CMakeFiles/Makefile2:137: CMakeFiles/rpm_pub.dir/all] Error 2
[2.368s] gmake: *** [Makefile:146: all] Error 2
[2.370s] Invoked command in '/home/ubuntu/ROS2/ros_workspace_name/param_launch_pub_sub_ws/build/param_launch_pub_sub_pkg' returned '2': CMAKE_PREFIX_PATH=${CMAKE_PREFIX_PATH}:/opt/ros/jazzy DEBUGINFOD_URLS=https://debuginfod.ubuntu.com /usr/bin/cmake --build /home/ubuntu/ROS2/ros_workspace_name/param_launch_pub_sub_ws/build/param_launch_pub_sub_pkg -- -j8 -l8
