[01m[K/home/ubuntu/ROS2/ros_workspace_name/act_mov_ws/src/act_mov_pkg/src/action_server.cpp:86:2:[m[K [01;31m[Kerror: [m[Kexpected â€˜[01m[K}[m[Kâ€™ at end of input
   86 | }
      |  [01;31m[K^[m[K
[01m[K/home/ubuntu/ROS2/ros_workspace_name/act_mov_ws/src/act_mov_pkg/src/action_server.cpp:14:1:[m[K [01;36m[Knote: [m[Kto match this â€˜[01m[K{[m[Kâ€™
   14 | [01;36m[K{[m[K
      | [01;36m[K^[m[K
[01m[K/home/ubuntu/ROS2/ros_workspace_name/act_mov_ws/src/act_mov_pkg/src/action_client.cpp:49:82:[m[K [01;31m[Kerror: [m[Kâ€˜[01m[Kcont[m[Kâ€™ was not declared in this scope; did you mean â€˜[01m[Kconst[m[Kâ€™?
   49 |       void feedback_callback(GoalHandle::SharedPtr future, const std::shared_ptr<[01;31m[Kcont[m[K NavigateAction::Feedback> feedback)
      |                                                                                  [01;31m[K^~~~[m[K
      |                                                                                  [32m[Kconst[m[K
[01m[K/home/ubuntu/ROS2/ros_workspace_name/act_mov_ws/src/act_mov_pkg/src/action_client.cpp:49:111:[m[K [01;31m[Kerror: [m[Ktemplate argument 1 is invalid
   49 |       void feedback_callback(GoalHandle::SharedPtr future, const std::shared_ptr<cont NavigateAction::Feedback[01;31m[K>[m[K feedback)
      |                                                                                                               [01;31m[K^[m[K
[01m[K/home/ubuntu/ROS2/ros_workspace_name/act_mov_ws/src/act_mov_pkg/src/action_client.cpp:49:82:[m[K [01;31m[Kerror: [m[Kâ€˜[01m[Kcont[m[Kâ€™ was not declared in this scope; did you mean â€˜[01m[Kconst[m[Kâ€™?
   49 |       void feedback_callback(GoalHandle::SharedPtr future, const std::shared_ptr<[01;31m[Kcont[m[K NavigateAction::Feedback> feedback)
      |                                                                                  [01;31m[K^~~~[m[K
      |                                                                                  [32m[Kconst[m[K
[01m[K/home/ubuntu/ROS2/ros_workspace_name/act_mov_ws/src/act_mov_pkg/src/action_client.cpp:49:111:[m[K [01;31m[Kerror: [m[Ktemplate argument 1 is invalid
   49 |       void feedback_callback(GoalHandle::SharedPtr future, const std::shared_ptr<cont NavigateAction::Feedback[01;31m[K>[m[K feedback)
      |                                                                                                               [01;31m[K^[m[K
[01m[K/home/ubuntu/ROS2/ros_workspace_name/act_mov_ws/src/act_mov_pkg/src/action_server.cpp:[m[K In constructor â€˜[01m[KNavigateActionServerNode::[01;32m[KNavigateActionServerNode[m[K()[m[Kâ€™:
[01m[K/home/ubuntu/ROS2/ros_workspace_name/act_mov_ws/src/act_mov_pkg/src/action_server.cpp:18:5:[m[K [01;31m[Kerror: [m[Kâ€˜[01m[Krobot_position_[m[Kâ€™ was not declared in this scope
   18 |     [01;31m[Krobot_position_[m[K = Point();
      |     [01;31m[K^~~~~~~~~~~~~~~[m[K
[01m[K/home/ubuntu/ROS2/ros_workspace_name/act_mov_ws/src/act_mov_pkg/src/action_client.cpp:49:82:[m[K [01;31m[Kerror: [m[Kâ€˜[01m[Kcont[m[Kâ€™ was not declared in this scope; did you mean â€˜[01m[Kconst[m[Kâ€™?
   49 |       void feedback_callback(GoalHandle::SharedPtr future, const std::shared_ptr<[01;31m[Kcont[m[K NavigateAction::Feedback> feedback)
      |                                                                                  [01;31m[K^~~~[m[K
      |                                                                                  [32m[Kconst[m[K
[01m[K/home/ubuntu/ROS2/ros_workspace_name/act_mov_ws/src/act_mov_pkg/src/action_client.cpp:49:111:[m[K [01;31m[Kerror: [m[Ktemplate argument 1 is invalid
   49 |       void feedback_callback(GoalHandle::SharedPtr future, const std::shared_ptr<cont NavigateAction::Feedback[01;31m[K>[m[K feedback)
      |                                                                                                               [01;31m[K^[m[K
[01m[K/home/ubuntu/ROS2/ros_workspace_name/act_mov_ws/src/act_mov_pkg/src/action_client.cpp:49:66:[m[K [01;31m[Kerror: [m[Kinvalid template-id
   49 |       void feedback_callback(GoalHandle::SharedPtr future, const [01;31m[Kstd[m[K::shared_ptr<cont NavigateAction::Feedback> feedback)
      |                                                                  [01;31m[K^~~[m[K
[01m[K/home/ubuntu/ROS2/ros_workspace_name/act_mov_ws/src/act_mov_pkg/src/action_client.cpp:49:82:[m[K [01;31m[Kerror: [m[Kâ€˜[01m[Kcont[m[Kâ€™ was not declared in this scope; did you mean â€˜[01m[Kconst[m[Kâ€™?
   49 |       void feedback_callback(GoalHandle::SharedPtr future, const std::shared_ptr<[01;31m[Kcont[m[K NavigateAction::Feedback> feedback)
      |                                                                                  [01;31m[K^~~~[m[K
      |                                                                                  [32m[Kconst[m[K
[01m[K/home/ubuntu/ROS2/ros_workspace_name/act_mov_ws/src/act_mov_pkg/src/action_client.cpp:49:87:[m[K [01;31m[Kerror: [m[Kexpected â€˜[01m[K>[m[Kâ€™ before â€˜[01m[KNavigateAction[m[Kâ€™
   49 |       void feedback_callback(GoalHandle::SharedPtr future, const std::shared_ptr<cont [01;31m[KNavigateAction[m[K::Feedback> feedback)
      |                                                                                       [01;31m[K^~~~~~~~~~~~~~[m[K
[01m[K/home/ubuntu/ROS2/ros_workspace_name/act_mov_ws/src/act_mov_pkg/src/action_client.cpp:49:60:[m[K [01;31m[Kerror: [m[Kmissing template argument list after â€˜[01m[Kstd::shared_ptr[m[Kâ€™; template placeholder not permitted in parameter
   49 |       void feedback_callback(GoalHandle::SharedPtr future, [01;31m[Kconst[m[K std::shared_ptr<cont NavigateAction::Feedback> feedback)
      |                                                            [01;31m[K^~~~~[m[K
      |                                                                 [32m[K<>[m[K
In file included from [01m[K/usr/include/c++/13/bits/shared_ptr.h:53[m[K,
                 from [01m[K/usr/include/c++/13/memory:80[m[K,
                 from [01m[K/opt/ros/jazzy/include/rclcpp/rclcpp/rclcpp.hpp:169[m[K,
                 from [01m[K/home/ubuntu/ROS2/ros_workspace_name/act_mov_ws/src/act_mov_pkg/src/action_client.cpp:1[m[K:
[01m[K/usr/include/c++/13/bits/shared_ptr_base.h:395:11:[m[K [01;36m[Knote: [m[Kâ€˜[01m[Ktemplate<class _Tp> class std::shared_ptr[m[Kâ€™ declared here
  395 |     class [01;36m[Kshared_ptr[m[K;
      |           [01;36m[K^~~~~~~~~~[m[K
[01m[K/home/ubuntu/ROS2/ros_workspace_name/act_mov_ws/src/act_mov_pkg/src/action_server.cpp:19:5:[m[K [01;31m[Kerror: [m[Kâ€˜[01m[Krobot_position_subscription_[m[Kâ€™ was not declared in this scope; did you mean â€˜[01m[Krmw_destroy_subscription[m[Kâ€™?
   19 |     [01;31m[Krobot_position_subscription_[m[K = this->create_subscription<Point>(
      |     [01;31m[K^~~~~~~~~~~~~~~~~~~~~~~~~~~~[m[K
      |     [32m[Krmw_destroy_subscription[m[K
[01m[K/home/ubuntu/ROS2/ros_workspace_name/act_mov_ws/src/act_mov_pkg/src/action_server.cpp:20:68:[m[K [01;31m[Kerror: [m[Kâ€˜[01m[Kupdate_robot_position[m[Kâ€™ is not a member of â€˜[01m[KNavigateActionServerNode[m[Kâ€™
   20 |  "robot_position", 10, std::bind(&NavigateActionServerNode::[01;31m[Kupdate_robot_position[m[K, this, std::placeholders::_1));
      |                                                             [01;31m[K^~~~~~~~~~~~~~~~~~~~~[m[K

[01m[K/home/ubuntu/ROS2/ros_workspace_name/act_mov_ws/src/act_mov_pkg/src/action_client.cpp:[m[K In member function â€˜[01m[Kvoid NavigateActionClientNode::[01;32m[Kprompt_user_for_goal[m[K()[m[Kâ€™:
[01m[K/home/ubuntu/ROS2/ros_workspace_name/act_mov_ws/src/act_mov_pkg/src/action_client.cpp:23:20:[m[K [01;31m[Kerror: [m[Kinvalid operands of types â€˜[01m[K<unresolved overloaded function type>[m[Kâ€™ and â€˜[01m[Kconst char [36][m[Kâ€™ to binary â€˜[01m[Koperator<<[m[Kâ€™
   23 |         [01;31m[Kstd::count << "Enter a X-Coordinate to travel to: "[m[K;
      |         [01;31m[K~~~~~~~~~~~^~~~~~~~~~~~~~~~~~~~~~~~~~~~~~~~~~~~~~~~[m[K
[01m[K/home/ubuntu/ROS2/ros_workspace_name/act_mov_ws/src/act_mov_pkg/src/action_client.cpp:25:20:[m[K [01;31m[Kerror: [m[Kinvalid operands of types â€˜[01m[K<unresolved overloaded function type>[m[Kâ€™ and â€˜[01m[Kconst char [36][m[Kâ€™ to binary â€˜[01m[Koperator<<[m[Kâ€™
   25 |         [01;31m[Kstd::count << "Enter a Y-Coordinate to travel to: "[m[K;
      |         [01;31m[K~~~~~~~~~~~^~~~~~~~~~~~~~~~~~~~~~~~~~~~~~~~~~~~~~~~[m[K
[01m[K/home/ubuntu/ROS2/ros_workspace_name/act_mov_ws/src/act_mov_pkg/src/action_client.cpp:27:20:[m[K [01;31m[Kerror: [m[Kinvalid operands of types â€˜[01m[K<unresolved overloaded function type>[m[Kâ€™ and â€˜[01m[Kconst char [36][m[Kâ€™ to binary â€˜[01m[Koperator<<[m[Kâ€™
   27 |         [01;31m[Kstd::count << "Enter a Z-Coordinate to travel to: "[m[K;
      |         [01;31m[K~~~~~~~~~~~^~~~~~~~~~~~~~~~~~~~~~~~~~~~~~~~~~~~~~~~[m[K
[01m[K/home/ubuntu/ROS2/ros_workspace_name/act_mov_ws/src/act_mov_pkg/src/action_server.cpp:21:5:[m[K [01;31m[Kerror: [m[Kâ€˜[01m[Kaction_server_[m[Kâ€™ was not declared in this scope; did you mean â€˜[01m[Krcl_action_server_t[m[Kâ€™?
   21 |     [01;31m[Kaction_server_[m[K = rclcpp_action::create_server<NavigateAction>(
      |     [01;31m[K^~~~~~~~~~~~~~[m[K
      |     [32m[Krcl_action_server_t[m[K
[01m[K/home/ubuntu/ROS2/ros_workspace_name/act_mov_ws/src/act_mov_pkg/src/action_server.cpp:25:46:[m[K [01;31m[Kerror: [m[Kâ€˜[01m[Khandle_accepted[m[Kâ€™ is not a member of â€˜[01m[KNavigateActionServerNode[m[Kâ€™
   25 |         std::bind(&NavigateActionServerNode::[01;31m[Khandle_accepted[m[K, this, std::placeholders::_1));
      |                                              [01;31m[K^~~~~~~~~~~~~~~[m[K
[01m[K/home/ubuntu/ROS2/ros_workspace_name/act_mov_ws/src/act_mov_pkg/src/action_server.cpp:[m[K In member function â€˜[01m[Krclcpp_action::CancelResponse NavigateActionServerNode::[01;32m[Khandle_cancel[m[K(std::shared_ptr<rclcpp_action::ServerGoalHandle<act_mov_interfaces::action::Navigate> >)[m[Kâ€™:
[01m[K/home/ubuntu/ROS2/ros_workspace_name/act_mov_ws/src/act_mov_pkg/src/action_server.cpp:46:3:[m[K [01;31m[Kerror: [m[Ka function-definition is not allowed here before â€˜[01m[K{[m[Kâ€™ token
   46 |   [01;31m[K{[m[K
      |   [01;31m[K^[m[K
[01m[K/home/ubuntu/ROS2/ros_workspace_name/act_mov_ws/src/act_mov_pkg/src/action_server.cpp:50:3:[m[K [01;31m[Kerror: [m[Ka function-definition is not allowed here before â€˜[01m[K{[m[Kâ€™ token
   50 |   [01;31m[K{[m[K
      |   [01;31m[K^[m[K
[01m[K/home/ubuntu/ROS2/ros_workspace_name/act_mov_ws/src/act_mov_pkg/src/action_server.cpp:72:3:[m[K [01;31m[Kerror: [m[Ka function-definition is not allowed here before â€˜[01m[K{[m[Kâ€™ token
   72 |   [01;31m[K{[m[K
      |   [01;31m[K^[m[K
[01m[K/home/ubuntu/ROS2/ros_workspace_name/act_mov_ws/src/act_mov_pkg/src/action_client.cpp:[m[K In member function â€˜[01m[Kvoid NavigateActionClientNode::[01;32m[Kfeedback_callback[m[K(...)[m[Kâ€™:
[01m[K/home/ubuntu/ROS2/ros_workspace_name/act_mov_ws/src/act_mov_pkg/src/action_client.cpp:52:37:[m[K [01;31m[Kerror: [m[Kâ€˜[01m[Kfeedback[m[Kâ€™ was not declared in this scope
   52 |         std::cout << "Feedback:" << [01;31m[Kfeedback[m[K->distance_to_point << std::endl;
      |                                     [01;31m[K^~~~~~~~[m[K
[01m[K/home/ubuntu/ROS2/ros_workspace_name/act_mov_ws/src/act_mov_pkg/src/action_client.cpp:[m[K In member function â€˜[01m[Kvoid NavigateActionClientNode::[01;32m[Kresult_callback[m[K(const rclcpp_action::ClientGoalHandle<act_mov_interfaces::action::Navigate>::WrappedResult&)[m[Kâ€™:
[01m[K/home/ubuntu/ROS2/ros_workspace_name/act_mov_ws/src/act_mov_pkg/src/action_client.cpp:59:60:[m[K [01;31m[Kerror: [m[Kâ€˜[01m[Kusing std::__shared_ptr_access<act_mov_interfaces::action::Navigate_Result_<std::allocator<void> >, __gnu_cxx::_S_atomic, false, false>::element_type = struct act_mov_interfaces::action::Navigate_Result_<std::allocator<void> >[m[Kâ€™ {aka â€˜[01m[Kstruct act_mov_interfaces::action::Navigate_Result_<std::allocator<void> >[m[Kâ€™} has no member named â€˜[01m[Kelapsed_time[m[Kâ€™; did you mean â€˜[01m[Kelpased_time[m[Kâ€™?
   59 |             std::cout << "Time elapsed:" << result.result->[01;31m[Kelapsed_time[m[K << std::endl;
      |                                                            [01;31m[K^~~~~~~~~~~~[m[K
      |                                                            [32m[Kelpased_time[m[K
[01m[K/home/ubuntu/ROS2/ros_workspace_name/act_mov_ws/src/act_mov_pkg/src/action_server.cpp:[m[K At global scope:
[01m[K/home/ubuntu/ROS2/ros_workspace_name/act_mov_ws/src/act_mov_pkg/src/action_server.cpp:86:2:[m[K [01;31m[Kerror: [m[Kexpected unqualified-id at end of input
   86 | }
      |  [01;31m[K^[m[K
gmake[2]: *** [CMakeFiles/action_server.dir/build.make:76: CMakeFiles/action_server.dir/src/action_server.cpp.o] Error 1
gmake[1]: *** [CMakeFiles/Makefile2:139: CMakeFiles/action_server.dir/all] Error 2
gmake[1]: *** Waiting for unfinished jobs....
gmake[2]: *** [CMakeFiles/action_client.dir/build.make:76: CMakeFiles/action_client.dir/src/action_client.cpp.o] Error 1
gmake[1]: *** [CMakeFiles/Makefile2:165: CMakeFiles/action_client.dir/all] Error 2
gmake: *** [Makefile:146: all] Error 2
