[0.011s] Invoking command in '/home/ubuntu/ROS2/ros_workspace_name/act_mov_ws/build/act_mov_pkg': CMAKE_PREFIX_PATH=${CMAKE_PREFIX_PATH}:/opt/ros/jazzy DEBUGINFOD_URLS=https://debuginfod.ubuntu.com /usr/bin/cmake /home/ubuntu/ROS2/ros_workspace_name/act_mov_ws/src/act_mov_pkg -DCMAKE_INSTALL_PREFIX=/home/ubuntu/ROS2/ros_workspace_name/act_mov_ws/install/act_mov_pkg
[0.024s] -- Found ament_cmake: 2.5.4 (/opt/ros/jazzy/share/ament_cmake/cmake)
[0.310s] -- Override CMake install command with custom implementation using symlinks instead of copying resources
[0.330s] -- Found rclcpp: 28.1.9 (/opt/ros/jazzy/share/rclcpp/cmake)
[0.392s] -- Found rosidl_generator_c: 4.6.5 (/opt/ros/jazzy/share/rosidl_generator_c/cmake)
[0.418s] -- Found rosidl_generator_cpp: 4.6.5 (/opt/ros/jazzy/share/rosidl_generator_cpp/cmake)
[0.456s] -- Using all available rosidl_typesupport_c: rosidl_typesupport_fastrtps_c;rosidl_typesupport_introspection_c
[0.497s] -- Using all available rosidl_typesupport_cpp: rosidl_typesupport_fastrtps_cpp;rosidl_typesupport_introspection_cpp
[0.640s] -- Found rmw_implementation_cmake: 7.3.2 (/opt/ros/jazzy/share/rmw_implementation_cmake/cmake)
[0.643s] -- Found rmw_fastrtps_cpp: 8.4.2 (/opt/ros/jazzy/share/rmw_fastrtps_cpp/cmake)
[0.772s] -- Using RMW implementation 'rmw_fastrtps_cpp' as default
[0.888s] -- Found rclcpp_action: 28.1.9 (/opt/ros/jazzy/share/rclcpp_action/cmake)
[0.964s] -- Found std_msgs: 5.3.6 (/opt/ros/jazzy/share/std_msgs/cmake)
[0.982s] -- Found geometry_msgs: 5.3.6 (/opt/ros/jazzy/share/geometry_msgs/cmake)
[1.004s] -- Found act_mov_interfaces: 0.0.1 (/home/ubuntu/ROS2/ros_workspace_name/act_mov_ws/install/act_mov_interfaces/share/act_mov_interfaces/cmake)
[1.047s] -- Found ament_lint_auto: 0.17.2 (/opt/ros/jazzy/share/ament_lint_auto/cmake)
[1.180s] -- Added test 'cppcheck' to perform static code analysis on C / C++ code
[1.180s] -- Configured cppcheck include dirs: 
[1.181s] -- Configured cppcheck exclude dirs and/or files: 
[1.181s] -- Added test 'lint_cmake' to check CMake code style
[1.183s] -- Added test 'uncrustify' to check C / C++ code style
[1.183s] -- Configured uncrustify additional arguments: 
[1.183s] -- Added test 'xmllint' to check XML markup files
[1.186s] -- Configuring done (1.2s)
[1.212s] -- Generating done (0.0s)
[1.222s] -- Build files have been written to: /home/ubuntu/ROS2/ros_workspace_name/act_mov_ws/build/act_mov_pkg
[1.232s] Invoked command in '/home/ubuntu/ROS2/ros_workspace_name/act_mov_ws/build/act_mov_pkg' returned '0': CMAKE_PREFIX_PATH=${CMAKE_PREFIX_PATH}:/opt/ros/jazzy DEBUGINFOD_URLS=https://debuginfod.ubuntu.com /usr/bin/cmake /home/ubuntu/ROS2/ros_workspace_name/act_mov_ws/src/act_mov_pkg -DCMAKE_INSTALL_PREFIX=/home/ubuntu/ROS2/ros_workspace_name/act_mov_ws/install/act_mov_pkg
[1.234s] Invoking command in '/home/ubuntu/ROS2/ros_workspace_name/act_mov_ws/build/act_mov_pkg': CMAKE_PREFIX_PATH=${CMAKE_PREFIX_PATH}:/opt/ros/jazzy DEBUGINFOD_URLS=https://debuginfod.ubuntu.com /usr/bin/cmake --build /home/ubuntu/ROS2/ros_workspace_name/act_mov_ws/build/act_mov_pkg -- -j8 -l8
[1.285s] [ 25%] [32mBuilding CXX object CMakeFiles/action_client.dir/src/action_client.cpp.o[0m
[1.304s] [ 50%] [32mBuilding CXX object CMakeFiles/action_server.dir/src/action_server.cpp.o[0m
[4.844s] [01m[K/home/ubuntu/ROS2/ros_workspace_name/act_mov_ws/src/act_mov_pkg/src/action_server.cpp:86:2:[m[K [01;31m[Kerror: [m[Kexpected â€˜[01m[K}[m[Kâ€™ at end of input
[4.845s]    86 | }
[4.845s]       |  [01;31m[K^[m[K
[4.845s] [01m[K/home/ubuntu/ROS2/ros_workspace_name/act_mov_ws/src/act_mov_pkg/src/action_server.cpp:14:1:[m[K [01;36m[Knote: [m[Kto match this â€˜[01m[K{[m[Kâ€™
[4.845s]    14 | [01;36m[K{[m[K
[4.845s]       | [01;36m[K^[m[K
[4.849s] [01m[K/home/ubuntu/ROS2/ros_workspace_name/act_mov_ws/src/act_mov_pkg/src/action_client.cpp:49:82:[m[K [01;31m[Kerror: [m[Kâ€˜[01m[Kcont[m[Kâ€™ was not declared in this scope; did you mean â€˜[01m[Kconst[m[Kâ€™?
[4.849s]    49 |       void feedback_callback(GoalHandle::SharedPtr future, const std::shared_ptr<[01;31m[Kcont[m[K NavigateAction::Feedback> feedback)
[4.849s]       |                                                                                  [01;31m[K^~~~[m[K
[4.849s]       |                                                                                  [32m[Kconst[m[K
[4.849s] [01m[K/home/ubuntu/ROS2/ros_workspace_name/act_mov_ws/src/act_mov_pkg/src/action_client.cpp:49:111:[m[K [01;31m[Kerror: [m[Ktemplate argument 1 is invalid
[4.849s]    49 |       void feedback_callback(GoalHandle::SharedPtr future, const std::shared_ptr<cont NavigateAction::Feedback[01;31m[K>[m[K feedback)
[4.849s]       |                                                                                                               [01;31m[K^[m[K
[4.858s] [01m[K/home/ubuntu/ROS2/ros_workspace_name/act_mov_ws/src/act_mov_pkg/src/action_client.cpp:49:82:[m[K [01;31m[Kerror: [m[Kâ€˜[01m[Kcont[m[Kâ€™ was not declared in this scope; did you mean â€˜[01m[Kconst[m[Kâ€™?
[4.858s]    49 |       void feedback_callback(GoalHandle::SharedPtr future, const std::shared_ptr<[01;31m[Kcont[m[K NavigateAction::Feedback> feedback)
[4.858s]       |                                                                                  [01;31m[K^~~~[m[K
[4.858s]       |                                                                                  [32m[Kconst[m[K
[4.858s] [01m[K/home/ubuntu/ROS2/ros_workspace_name/act_mov_ws/src/act_mov_pkg/src/action_client.cpp:49:111:[m[K [01;31m[Kerror: [m[Ktemplate argument 1 is invalid
[4.858s]    49 |       void feedback_callback(GoalHandle::SharedPtr future, const std::shared_ptr<cont NavigateAction::Feedback[01;31m[K>[m[K feedback)
[4.858s]       |                                                                                                               [01;31m[K^[m[K
[4.860s] [01m[K/home/ubuntu/ROS2/ros_workspace_name/act_mov_ws/src/act_mov_pkg/src/action_server.cpp:[m[K In constructor â€˜[01m[KNavigateActionServerNode::[01;32m[KNavigateActionServerNode[m[K()[m[Kâ€™:
[4.860s] [01m[K/home/ubuntu/ROS2/ros_workspace_name/act_mov_ws/src/act_mov_pkg/src/action_server.cpp:18:5:[m[K [01;31m[Kerror: [m[Kâ€˜[01m[Krobot_position_[m[Kâ€™ was not declared in this scope
[4.861s]    18 |     [01;31m[Krobot_position_[m[K = Point();
[4.861s]       |     [01;31m[K^~~~~~~~~~~~~~~[m[K
[4.867s] [01m[K/home/ubuntu/ROS2/ros_workspace_name/act_mov_ws/src/act_mov_pkg/src/action_client.cpp:49:82:[m[K [01;31m[Kerror: [m[Kâ€˜[01m[Kcont[m[Kâ€™ was not declared in this scope; did you mean â€˜[01m[Kconst[m[Kâ€™?
[4.867s]    49 |       void feedback_callback(GoalHandle::SharedPtr future, const std::shared_ptr<[01;31m[Kcont[m[K NavigateAction::Feedback> feedback)
[4.867s]       |                                                                                  [01;31m[K^~~~[m[K
[4.867s]       |                                                                                  [32m[Kconst[m[K
[4.867s] [01m[K/home/ubuntu/ROS2/ros_workspace_name/act_mov_ws/src/act_mov_pkg/src/action_client.cpp:49:111:[m[K [01;31m[Kerror: [m[Ktemplate argument 1 is invalid
[4.867s]    49 |       void feedback_callback(GoalHandle::SharedPtr future, const std::shared_ptr<cont NavigateAction::Feedback[01;31m[K>[m[K feedback)
[4.867s]       |                                                                                                               [01;31m[K^[m[K
[4.867s] [01m[K/home/ubuntu/ROS2/ros_workspace_name/act_mov_ws/src/act_mov_pkg/src/action_client.cpp:49:66:[m[K [01;31m[Kerror: [m[Kinvalid template-id
[4.867s]    49 |       void feedback_callback(GoalHandle::SharedPtr future, const [01;31m[Kstd[m[K::shared_ptr<cont NavigateAction::Feedback> feedback)
[4.867s]       |                                                                  [01;31m[K^~~[m[K
[4.876s] [01m[K/home/ubuntu/ROS2/ros_workspace_name/act_mov_ws/src/act_mov_pkg/src/action_client.cpp:49:82:[m[K [01;31m[Kerror: [m[Kâ€˜[01m[Kcont[m[Kâ€™ was not declared in this scope; did you mean â€˜[01m[Kconst[m[Kâ€™?
[4.876s]    49 |       void feedback_callback(GoalHandle::SharedPtr future, const std::shared_ptr<[01;31m[Kcont[m[K NavigateAction::Feedback> feedback)
[4.876s]       |                                                                                  [01;31m[K^~~~[m[K
[4.876s]       |                                                                                  [32m[Kconst[m[K
[4.876s] [01m[K/home/ubuntu/ROS2/ros_workspace_name/act_mov_ws/src/act_mov_pkg/src/action_client.cpp:49:87:[m[K [01;31m[Kerror: [m[Kexpected â€˜[01m[K>[m[Kâ€™ before â€˜[01m[KNavigateAction[m[Kâ€™
[4.876s]    49 |       void feedback_callback(GoalHandle::SharedPtr future, const std::shared_ptr<cont [01;31m[KNavigateAction[m[K::Feedback> feedback)
[4.876s]       |                                                                                       [01;31m[K^~~~~~~~~~~~~~[m[K
[4.877s] [01m[K/home/ubuntu/ROS2/ros_workspace_name/act_mov_ws/src/act_mov_pkg/src/action_client.cpp:49:60:[m[K [01;31m[Kerror: [m[Kmissing template argument list after â€˜[01m[Kstd::shared_ptr[m[Kâ€™; template placeholder not permitted in parameter
[4.877s]    49 |       void feedback_callback(GoalHandle::SharedPtr future, [01;31m[Kconst[m[K std::shared_ptr<cont NavigateAction::Feedback> feedback)
[4.877s]       |                                                            [01;31m[K^~~~~[m[K
[4.877s]       |                                                                 [32m[K<>[m[K
[4.877s] In file included from [01m[K/usr/include/c++/13/bits/shared_ptr.h:53[m[K,
[4.877s]                  from [01m[K/usr/include/c++/13/memory:80[m[K,
[4.877s]                  from [01m[K/opt/ros/jazzy/include/rclcpp/rclcpp/rclcpp.hpp:169[m[K,
[4.877s]                  from [01m[K/home/ubuntu/ROS2/ros_workspace_name/act_mov_ws/src/act_mov_pkg/src/action_client.cpp:1[m[K:
[4.877s] [01m[K/usr/include/c++/13/bits/shared_ptr_base.h:395:11:[m[K [01;36m[Knote: [m[Kâ€˜[01m[Ktemplate<class _Tp> class std::shared_ptr[m[Kâ€™ declared here
[4.877s]   395 |     class [01;36m[Kshared_ptr[m[K;
[4.878s]       |           [01;36m[K^~~~~~~~~~[m[K
[4.885s] [01m[K/home/ubuntu/ROS2/ros_workspace_name/act_mov_ws/src/act_mov_pkg/src/action_server.cpp:19:5:[m[K [01;31m[Kerror: [m[Kâ€˜[01m[Krobot_position_subscription_[m[Kâ€™ was not declared in this scope; did you mean â€˜[01m[Krmw_destroy_subscription[m[Kâ€™?
[4.885s]    19 |     [01;31m[Krobot_position_subscription_[m[K = this->create_subscription<Point>(
[4.886s]       |     [01;31m[K^~~~~~~~~~~~~~~~~~~~~~~~~~~~[m[K
[4.886s]       |     [32m[Krmw_destroy_subscription[m[K
[4.886s] [01m[K/home/ubuntu/ROS2/ros_workspace_name/act_mov_ws/src/act_mov_pkg/src/action_server.cpp:20:68:[m[K [01;31m[Kerror: [m[Kâ€˜[01m[Kupdate_robot_position[m[Kâ€™ is not a member of â€˜[01m[KNavigateActionServerNode[m[Kâ€™
[4.886s]    20 |  "robot_position", 10, std::bind(&NavigateActionServerNode::[01;31m[Kupdate_robot_position[m[K, this, std::placeholders::_1));
[4.886s]       |                                                             [01;31m[K^~~~~~~~~~~~~~~~~~~~~[m[K
[4.886s] 
[4.886s] [01m[K/home/ubuntu/ROS2/ros_workspace_name/act_mov_ws/src/act_mov_pkg/src/action_client.cpp:[m[K In member function â€˜[01m[Kvoid NavigateActionClientNode::[01;32m[Kprompt_user_for_goal[m[K()[m[Kâ€™:
[4.886s] [01m[K/home/ubuntu/ROS2/ros_workspace_name/act_mov_ws/src/act_mov_pkg/src/action_client.cpp:23:20:[m[K [01;31m[Kerror: [m[Kinvalid operands of types â€˜[01m[K<unresolved overloaded function type>[m[Kâ€™ and â€˜[01m[Kconst char [36][m[Kâ€™ to binary â€˜[01m[Koperator<<[m[Kâ€™
[4.886s]    23 |         [01;31m[Kstd::count << "Enter a X-Coordinate to travel to: "[m[K;
[4.887s]       |         [01;31m[K~~~~~~~~~~~^~~~~~~~~~~~~~~~~~~~~~~~~~~~~~~~~~~~~~~~[m[K
[4.887s] [01m[K/home/ubuntu/ROS2/ros_workspace_name/act_mov_ws/src/act_mov_pkg/src/action_client.cpp:25:20:[m[K [01;31m[Kerror: [m[Kinvalid operands of types â€˜[01m[K<unresolved overloaded function type>[m[Kâ€™ and â€˜[01m[Kconst char [36][m[Kâ€™ to binary â€˜[01m[Koperator<<[m[Kâ€™
[4.887s]    25 |         [01;31m[Kstd::count << "Enter a Y-Coordinate to travel to: "[m[K;
[4.887s]       |         [01;31m[K~~~~~~~~~~~^~~~~~~~~~~~~~~~~~~~~~~~~~~~~~~~~~~~~~~~[m[K
[4.887s] [01m[K/home/ubuntu/ROS2/ros_workspace_name/act_mov_ws/src/act_mov_pkg/src/action_client.cpp:27:20:[m[K [01;31m[Kerror: [m[Kinvalid operands of types â€˜[01m[K<unresolved overloaded function type>[m[Kâ€™ and â€˜[01m[Kconst char [36][m[Kâ€™ to binary â€˜[01m[Koperator<<[m[Kâ€™
[4.887s]    27 |         [01;31m[Kstd::count << "Enter a Z-Coordinate to travel to: "[m[K;
[4.887s]       |         [01;31m[K~~~~~~~~~~~^~~~~~~~~~~~~~~~~~~~~~~~~~~~~~~~~~~~~~~~[m[K
[4.899s] [01m[K/home/ubuntu/ROS2/ros_workspace_name/act_mov_ws/src/act_mov_pkg/src/action_server.cpp:21:5:[m[K [01;31m[Kerror: [m[Kâ€˜[01m[Kaction_server_[m[Kâ€™ was not declared in this scope; did you mean â€˜[01m[Krcl_action_server_t[m[Kâ€™?
[4.899s]    21 |     [01;31m[Kaction_server_[m[K = rclcpp_action::create_server<NavigateAction>(
[4.899s]       |     [01;31m[K^~~~~~~~~~~~~~[m[K
[4.899s]       |     [32m[Krcl_action_server_t[m[K
[4.916s] [01m[K/home/ubuntu/ROS2/ros_workspace_name/act_mov_ws/src/act_mov_pkg/src/action_server.cpp:25:46:[m[K [01;31m[Kerror: [m[Kâ€˜[01m[Khandle_accepted[m[Kâ€™ is not a member of â€˜[01m[KNavigateActionServerNode[m[Kâ€™
[4.916s]    25 |         std::bind(&NavigateActionServerNode::[01;31m[Khandle_accepted[m[K, this, std::placeholders::_1));
[4.916s]       |                                              [01;31m[K^~~~~~~~~~~~~~~[m[K
[4.923s] [01m[K/home/ubuntu/ROS2/ros_workspace_name/act_mov_ws/src/act_mov_pkg/src/action_server.cpp:[m[K In member function â€˜[01m[Krclcpp_action::CancelResponse NavigateActionServerNode::[01;32m[Khandle_cancel[m[K(std::shared_ptr<rclcpp_action::ServerGoalHandle<act_mov_interfaces::action::Navigate> >)[m[Kâ€™:
[4.923s] [01m[K/home/ubuntu/ROS2/ros_workspace_name/act_mov_ws/src/act_mov_pkg/src/action_server.cpp:46:3:[m[K [01;31m[Kerror: [m[Ka function-definition is not allowed here before â€˜[01m[K{[m[Kâ€™ token
[4.923s]    46 |   [01;31m[K{[m[K
[4.923s]       |   [01;31m[K^[m[K
[4.924s] [01m[K/home/ubuntu/ROS2/ros_workspace_name/act_mov_ws/src/act_mov_pkg/src/action_server.cpp:50:3:[m[K [01;31m[Kerror: [m[Ka function-definition is not allowed here before â€˜[01m[K{[m[Kâ€™ token
[4.924s]    50 |   [01;31m[K{[m[K
[4.924s]       |   [01;31m[K^[m[K
[4.924s] [01m[K/home/ubuntu/ROS2/ros_workspace_name/act_mov_ws/src/act_mov_pkg/src/action_server.cpp:72:3:[m[K [01;31m[Kerror: [m[Ka function-definition is not allowed here before â€˜[01m[K{[m[Kâ€™ token
[4.924s]    72 |   [01;31m[K{[m[K
[4.924s]       |   [01;31m[K^[m[K
[4.934s] [01m[K/home/ubuntu/ROS2/ros_workspace_name/act_mov_ws/src/act_mov_pkg/src/action_client.cpp:[m[K In member function â€˜[01m[Kvoid NavigateActionClientNode::[01;32m[Kfeedback_callback[m[K(...)[m[Kâ€™:
[4.934s] [01m[K/home/ubuntu/ROS2/ros_workspace_name/act_mov_ws/src/act_mov_pkg/src/action_client.cpp:52:37:[m[K [01;31m[Kerror: [m[Kâ€˜[01m[Kfeedback[m[Kâ€™ was not declared in this scope
[4.934s]    52 |         std::cout << "Feedback:" << [01;31m[Kfeedback[m[K->distance_to_point << std::endl;
[4.934s]       |                                     [01;31m[K^~~~~~~~[m[K
[4.935s] [01m[K/home/ubuntu/ROS2/ros_workspace_name/act_mov_ws/src/act_mov_pkg/src/action_client.cpp:[m[K In member function â€˜[01m[Kvoid NavigateActionClientNode::[01;32m[Kresult_callback[m[K(const rclcpp_action::ClientGoalHandle<act_mov_interfaces::action::Navigate>::WrappedResult&)[m[Kâ€™:
[4.935s] [01m[K/home/ubuntu/ROS2/ros_workspace_name/act_mov_ws/src/act_mov_pkg/src/action_client.cpp:59:60:[m[K [01;31m[Kerror: [m[Kâ€˜[01m[Kusing std::__shared_ptr_access<act_mov_interfaces::action::Navigate_Result_<std::allocator<void> >, __gnu_cxx::_S_atomic, false, false>::element_type = struct act_mov_interfaces::action::Navigate_Result_<std::allocator<void> >[m[Kâ€™ {aka â€˜[01m[Kstruct act_mov_interfaces::action::Navigate_Result_<std::allocator<void> >[m[Kâ€™} has no member named â€˜[01m[Kelapsed_time[m[Kâ€™; did you mean â€˜[01m[Kelpased_time[m[Kâ€™?
[4.935s]    59 |             std::cout << "Time elapsed:" << result.result->[01;31m[Kelapsed_time[m[K << std::endl;
[4.935s]       |                                                            [01;31m[K^~~~~~~~~~~~[m[K
[4.935s]       |                                                            [32m[Kelpased_time[m[K
[4.977s] [01m[K/home/ubuntu/ROS2/ros_workspace_name/act_mov_ws/src/act_mov_pkg/src/action_server.cpp:[m[K At global scope:
[4.977s] [01m[K/home/ubuntu/ROS2/ros_workspace_name/act_mov_ws/src/act_mov_pkg/src/action_server.cpp:86:2:[m[K [01;31m[Kerror: [m[Kexpected unqualified-id at end of input
[4.977s]    86 | }
[4.977s]       |  [01;31m[K^[m[K
[6.088s] gmake[2]: *** [CMakeFiles/action_server.dir/build.make:76: CMakeFiles/action_server.dir/src/action_server.cpp.o] Error 1
[6.089s] gmake[1]: *** [CMakeFiles/Makefile2:139: CMakeFiles/action_server.dir/all] Error 2
[6.089s] gmake[1]: *** Waiting for unfinished jobs....
[6.357s] gmake[2]: *** [CMakeFiles/action_client.dir/build.make:76: CMakeFiles/action_client.dir/src/action_client.cpp.o] Error 1
[6.357s] gmake[1]: *** [CMakeFiles/Makefile2:165: CMakeFiles/action_client.dir/all] Error 2
[6.357s] gmake: *** [Makefile:146: all] Error 2
[6.360s] Invoked command in '/home/ubuntu/ROS2/ros_workspace_name/act_mov_ws/build/act_mov_pkg' returned '2': CMAKE_PREFIX_PATH=${CMAKE_PREFIX_PATH}:/opt/ros/jazzy DEBUGINFOD_URLS=https://debuginfod.ubuntu.com /usr/bin/cmake --build /home/ubuntu/ROS2/ros_workspace_name/act_mov_ws/build/act_mov_pkg -- -j8 -l8
