[0.013s] Invoking command in '/home/ubuntu/ROS2/ros_workspace_name/param_launch_pub_sub_ws/build/param_launch_pub_sub_pkg': CMAKE_PREFIX_PATH=${CMAKE_PREFIX_PATH}:/opt/ros/jazzy DEBUGINFOD_URLS=https://debuginfod.ubuntu.com /usr/bin/cmake /home/ubuntu/ROS2/ros_workspace_name/param_launch_pub_sub_ws/src/param_launch_pub_sub_pkg -DCMAKE_INSTALL_PREFIX=/home/ubuntu/ROS2/ros_workspace_name/param_launch_pub_sub_ws/install/param_launch_pub_sub_pkg
[0.039s] -- Found ament_cmake: 2.5.3 (/opt/ros/jazzy/share/ament_cmake/cmake)
[0.362s] -- Override CMake install command with custom implementation using symlinks instead of copying resources
[0.388s] -- Found rclcpp: 28.1.6 (/opt/ros/jazzy/share/rclcpp/cmake)
[0.475s] -- Found rosidl_generator_c: 4.6.5 (/opt/ros/jazzy/share/rosidl_generator_c/cmake)
[0.498s] -- Found rosidl_generator_cpp: 4.6.5 (/opt/ros/jazzy/share/rosidl_generator_cpp/cmake)
[0.538s] -- Using all available rosidl_typesupport_c: rosidl_typesupport_fastrtps_c;rosidl_typesupport_introspection_c
[0.572s] -- Using all available rosidl_typesupport_cpp: rosidl_typesupport_fastrtps_cpp;rosidl_typesupport_introspection_cpp
[0.705s] -- Found rmw_implementation_cmake: 7.3.1 (/opt/ros/jazzy/share/rmw_implementation_cmake/cmake)
[0.710s] -- Found rmw_fastrtps_cpp: 8.4.1 (/opt/ros/jazzy/share/rmw_fastrtps_cpp/cmake)
[0.878s] -- Using RMW implementation 'rmw_fastrtps_cpp' as default
[1.012s] -- Found std_msgs: 5.3.5 (/opt/ros/jazzy/share/std_msgs/cmake)
[1.039s] -- Found ament_lint_auto: 0.17.1 (/opt/ros/jazzy/share/ament_lint_auto/cmake)
[1.174s] -- Added test 'cppcheck' to perform static code analysis on C / C++ code
[1.174s] -- Configured cppcheck include dirs: 
[1.174s] -- Configured cppcheck exclude dirs and/or files: 
[1.175s] -- Added test 'flake8' to check Python code syntax and style conventions
[1.176s] -- Configured 'flake8' exclude dirs and/or files: 
[1.177s] -- Added test 'lint_cmake' to check CMake code style
[1.178s] -- Added test 'pep257' to check Python code against some of the docstring style conventions in PEP 257
[1.181s] -- Added test 'uncrustify' to check C / C++ code style
[1.181s] -- Configured uncrustify additional arguments: 
[1.182s] -- Added test 'xmllint' to check XML markup files
[1.185s] -- Configuring done (1.2s)
[1.224s] -- Generating done (0.0s)
[1.238s] -- Build files have been written to: /home/ubuntu/ROS2/ros_workspace_name/param_launch_pub_sub_ws/build/param_launch_pub_sub_pkg
[1.254s] Invoked command in '/home/ubuntu/ROS2/ros_workspace_name/param_launch_pub_sub_ws/build/param_launch_pub_sub_pkg' returned '0': CMAKE_PREFIX_PATH=${CMAKE_PREFIX_PATH}:/opt/ros/jazzy DEBUGINFOD_URLS=https://debuginfod.ubuntu.com /usr/bin/cmake /home/ubuntu/ROS2/ros_workspace_name/param_launch_pub_sub_ws/src/param_launch_pub_sub_pkg -DCMAKE_INSTALL_PREFIX=/home/ubuntu/ROS2/ros_workspace_name/param_launch_pub_sub_ws/install/param_launch_pub_sub_pkg
[1.257s] Invoking command in '/home/ubuntu/ROS2/ros_workspace_name/param_launch_pub_sub_ws/build/param_launch_pub_sub_pkg': CMAKE_PREFIX_PATH=${CMAKE_PREFIX_PATH}:/opt/ros/jazzy DEBUGINFOD_URLS=https://debuginfod.ubuntu.com /usr/bin/cmake --build /home/ubuntu/ROS2/ros_workspace_name/param_launch_pub_sub_ws/build/param_launch_pub_sub_pkg -- -j8 -l8
[1.352s] [ 25%] [32mBuilding CXX object CMakeFiles/speed_calc.dir/src/speed_calc.cpp.o[0m
[1.383s] [ 75%] Built target rpm_pub
[4.000s] [01m[K/home/ubuntu/ROS2/ros_workspace_name/param_launch_pub_sub_ws/src/param_launch_pub_sub_pkg/src/speed_calc.cpp:[m[K In constructor â€˜[01m[KSpeedCalcNode::[01;32m[KSpeedCalcNode[m[K()[m[Kâ€™:
[4.000s] [01m[K/home/ubuntu/ROS2/ros_workspace_name/param_launch_pub_sub_ws/src/param_launch_pub_sub_pkg/src/speed_calc.cpp:13:15:[m[K [01;31m[Kerror: [m[Kâ€˜[01m[Kclass SpeedCalcNode[m[Kâ€™ has no member named â€˜[01m[Kdeclare_parmater[m[Kâ€™; did you mean â€˜[01m[Kdeclare_parameter[m[Kâ€™?
[4.001s]    13 |         this->[01;31m[Kdeclare_parmater[m[K<float>("wheel_radius", WHEEL_RADIUS_DEFAULT);
[4.001s]       |               [01;31m[K^~~~~~~~~~~~~~~~[m[K
[4.001s]       |               [32m[Kdeclare_parameter[m[K
[4.001s] [01m[K/home/ubuntu/ROS2/ros_workspace_name/param_launch_pub_sub_ws/src/param_launch_pub_sub_pkg/src/speed_calc.cpp:13:32:[m[K [01;31m[Kerror: [m[Kexpected primary-expression before â€˜[01m[Kfloat[m[Kâ€™
[4.001s]    13 |         this->declare_parmater<[01;31m[Kfloat[m[K>("wheel_radius", WHEEL_RADIUS_DEFAULT);
[4.001s]       |                                [01;31m[K^~~~~[m[K
[6.159s] gmake[2]: *** [CMakeFiles/speed_calc.dir/build.make:76: CMakeFiles/speed_calc.dir/src/speed_calc.cpp.o] Error 1
[6.160s] gmake[1]: *** [CMakeFiles/Makefile2:165: CMakeFiles/speed_calc.dir/all] Error 2
[6.160s] gmake: *** [Makefile:146: all] Error 2
[6.162s] Invoked command in '/home/ubuntu/ROS2/ros_workspace_name/param_launch_pub_sub_ws/build/param_launch_pub_sub_pkg' returned '2': CMAKE_PREFIX_PATH=${CMAKE_PREFIX_PATH}:/opt/ros/jazzy DEBUGINFOD_URLS=https://debuginfod.ubuntu.com /usr/bin/cmake --build /home/ubuntu/ROS2/ros_workspace_name/param_launch_pub_sub_ws/build/param_launch_pub_sub_pkg -- -j8 -l8
