-- The C compiler identification is GNU 13.3.0
-- The CXX compiler identification is GNU 13.3.0
-- Detecting C compiler ABI info
-- Detecting C compiler ABI info - done
-- Check for working C compiler: /usr/bin/cc - skipped
-- Detecting C compile features
-- Detecting C compile features - done
-- Detecting CXX compiler ABI info
-- Detecting CXX compiler ABI info - done
-- Check for working CXX compiler: /usr/bin/c++ - skipped
-- Detecting CXX compile features
-- Detecting CXX compile features - done
-- Found ament_cmake: 2.5.4 (/opt/ros/jazzy/share/ament_cmake/cmake)
-- Found Python3: /usr/bin/python3 (found version "3.12.3") found components: Interpreter 
-- Found rosidl_default_generators: 1.6.0 (/opt/ros/jazzy/share/rosidl_default_generators/cmake)
-- Using all available rosidl_typesupport_c: rosidl_typesupport_fastrtps_c;rosidl_typesupport_introspection_c
-- Using all available rosidl_typesupport_cpp: rosidl_typesupport_fastrtps_cpp;rosidl_typesupport_introspection_cpp
-- Found rosidl_adapter: 4.6.5 (/opt/ros/jazzy/share/rosidl_adapter/cmake)
-- Found geometry_msgs: 5.3.6 (/opt/ros/jazzy/share/geometry_msgs/cmake)
-- Found action_msgs: 2.0.2 (/opt/ros/jazzy/share/action_msgs/cmake)
-- Found rclcpp: 28.1.9 (/opt/ros/jazzy/share/rclcpp/cmake)
-- Found rmw_implementation_cmake: 7.3.2 (/opt/ros/jazzy/share/rmw_implementation_cmake/cmake)
-- Found rmw_fastrtps_cpp: 8.4.2 (/opt/ros/jazzy/share/rmw_fastrtps_cpp/cmake)
-- Found OpenSSL: /usr/lib/x86_64-linux-gnu/libcrypto.so (found version "3.0.13")  
-- Found FastRTPS: /opt/ros/jazzy/include (Required is at least version "2.13") 
-- Using RMW implementation 'rmw_fastrtps_cpp' as default
-- Found rclcpp_action: 28.1.9 (/opt/ros/jazzy/share/rclcpp_action/cmake)
-- Found ament_cmake_ros: 0.12.0 (/opt/ros/jazzy/share/ament_cmake_ros/cmake)
-- Using all available rosidl_typesupport_c: rosidl_typesupport_fastrtps_c;rosidl_typesupport_introspection_c
-- Using all available rosidl_typesupport_cpp: rosidl_typesupport_fastrtps_cpp;rosidl_typesupport_introspection_cpp
-- Found python_cmake_module: 0.11.1 (/opt/ros/jazzy/share/python_cmake_module/cmake)
-- Found PythonExtra: /usr/bin/python3  
-- Found Python3: /usr/bin/python3 (found version "3.12.3") found components: Interpreter Development NumPy Development.Module Development.Embed 
[0mCMake Deprecation Warning at /opt/ros/jazzy/share/rosidl_cmake/cmake/rosidl_target_interfaces.cmake:32 (message):
  Use rosidl_get_typesupport_target() and target_link_libraries() instead of
  rosidl_target_interfaces().  i.e:

    rosidl_get_typesupport_target(cpp_typesupport_target "${PROJECT_NAME}" "rosidl_typesupport_cpp")
    target_link_libraries(${PROJECT_NAME}_node "${cpp_typesupport_target}")

Call Stack (most recent call first):
  CMakeLists.txt:37 (rosidl_target_interfaces)

[0m
-- Found ament_lint_auto: 0.17.2 (/opt/ros/jazzy/share/ament_lint_auto/cmake)
-- Added test 'cppcheck' to perform static code analysis on C / C++ code
-- Configured cppcheck include dirs: 
-- Configured cppcheck exclude dirs and/or files: 
-- Added test 'lint_cmake' to check CMake code style
-- Added test 'uncrustify' to check C / C++ code style
-- Configured uncrustify additional arguments: 
-- Added test 'xmllint' to check XML markup files
-- Configuring done (5.0s)
-- Generating done (0.1s)
-- Build files have been written to: /home/ubuntu/ROS2/ros_workspace_name/act_mov_ws/build/act_mov_pkg
[  2%] [34m[1mGenerating type hashes for ROS interfaces[0m
[  2%] Built target ament_cmake_python_copy_act_mov_pkg
[  2%] Built target act_mov_pkg__rosidl_generator_type_description
[  5%] [34m[1mGenerating C code for ROS interfaces[0m
[  8%] [34m[1mGenerating C++ code for ROS interfaces[0m
running egg_info
creating act_mov_pkg.egg-info
writing act_mov_pkg.egg-info/PKG-INFO
writing dependency_links to act_mov_pkg.egg-info/dependency_links.txt
writing top-level names to act_mov_pkg.egg-info/top_level.txt
writing manifest file 'act_mov_pkg.egg-info/SOURCES.txt'
reading manifest file 'act_mov_pkg.egg-info/SOURCES.txt'
writing manifest file 'act_mov_pkg.egg-info/SOURCES.txt'
[  8%] Built target ament_cmake_python_build_act_mov_pkg_egg
[ 13%] [32mBuilding C object CMakeFiles/act_mov_pkg__rosidl_generator_c.dir/rosidl_generator_c/act_mov_pkg/action/detail/navigate__type_support.c.o[0m
[ 13%] [32mBuilding C object CMakeFiles/act_mov_pkg__rosidl_generator_c.dir/rosidl_generator_c/act_mov_pkg/action/detail/navigate__description.c.o[0m
[ 16%] [32mBuilding C object CMakeFiles/act_mov_pkg__rosidl_generator_c.dir/rosidl_generator_c/act_mov_pkg/action/detail/navigate__functions.c.o[0m
[ 16%] Built target act_mov_pkg__cpp
[ 19%] [32m[1mLinking C shared library libact_mov_pkg__rosidl_generator_c.so[0m
[ 19%] Built target act_mov_pkg__rosidl_generator_c
[ 22%] [34m[1mGenerating C++ type support dispatch for ROS interfaces[0m
[ 25%] [34m[1mGenerating C type support dispatch for ROS interfaces[0m
[ 27%] [34m[1mGenerating C type support for eProsima Fast-RTPS[0m
[ 30%] [34m[1mGenerating C++ type support for eProsima Fast-RTPS[0m
[ 33%] [34m[1mGenerating C++ introspection for ROS interfaces[0m
[ 36%] [34m[1mGenerating C introspection for ROS interfaces[0m
[ 38%] [32mBuilding CXX object CMakeFiles/act_mov_pkg__rosidl_typesupport_cpp.dir/rosidl_typesupport_cpp/act_mov_pkg/action/navigate__type_support.cpp.o[0m
[ 41%] [32mBuilding CXX object CMakeFiles/act_mov_pkg__rosidl_typesupport_c.dir/rosidl_typesupport_c/act_mov_pkg/action/navigate__type_support.cpp.o[0m
[ 44%] [32m[1mLinking CXX shared library libact_mov_pkg__rosidl_typesupport_c.so[0m
[ 47%] [32mBuilding C object CMakeFiles/act_mov_pkg__rosidl_typesupport_introspection_c.dir/rosidl_typesupport_introspection_c/act_mov_pkg/action/detail/navigate__type_support.c.o[0m
[ 50%] [32mBuilding CXX object CMakeFiles/act_mov_pkg__rosidl_typesupport_introspection_cpp.dir/rosidl_typesupport_introspection_cpp/act_mov_pkg/action/detail/navigate__type_support.cpp.o[0m
[ 50%] Built target act_mov_pkg__rosidl_typesupport_c
[ 52%] [32m[1mLinking C shared library libact_mov_pkg__rosidl_typesupport_introspection_c.so[0m
[ 55%] [32mBuilding CXX object CMakeFiles/act_mov_pkg__rosidl_typesupport_fastrtps_cpp.dir/rosidl_typesupport_fastrtps_cpp/act_mov_pkg/action/detail/dds_fastrtps/navigate__type_support.cpp.o[0m
[ 55%] Built target act_mov_pkg__rosidl_typesupport_introspection_c
[ 58%] [32mBuilding CXX object CMakeFiles/act_mov_pkg__rosidl_typesupport_fastrtps_c.dir/rosidl_typesupport_fastrtps_c/act_mov_pkg/action/detail/navigate__type_support_c.cpp.o[0m
[ 61%] [32m[1mLinking CXX shared library libact_mov_pkg__rosidl_typesupport_cpp.so[0m
[ 61%] Built target act_mov_pkg__rosidl_typesupport_cpp
[ 63%] [32m[1mLinking CXX shared library libact_mov_pkg__rosidl_typesupport_introspection_cpp.so[0m
[ 63%] Built target act_mov_pkg__rosidl_typesupport_introspection_cpp
[ 66%] [32m[1mLinking CXX shared library libact_mov_pkg__rosidl_typesupport_fastrtps_c.so[0m
[ 66%] Built target act_mov_pkg__rosidl_typesupport_fastrtps_c
[ 69%] [32m[1mLinking CXX shared library libact_mov_pkg__rosidl_typesupport_fastrtps_cpp.so[0m
[ 69%] Built target act_mov_pkg__rosidl_typesupport_fastrtps_cpp
[ 69%] Built target act_mov_pkg
[ 72%] [32mBuilding CXX object CMakeFiles/action_server.dir/src/action_server.cpp.o[0m
[ 75%] [34m[1mGenerating Python code for ROS interfaces[0m
[01m[K/home/ubuntu/ROS2/ros_workspace_name/act_mov_ws/src/act_mov_pkg/src/action_server.cpp:4:10:[m[K [01;31m[Kfatal error: [m[Kact_mov_pkg/action/Navigate.h: No such file or directory
    4 | #include [01;31m[K"act_mov_pkg/action/Navigate.h"[m[K
      |          [01;31m[K^~~~~~~~~~~~~~~~~~~~~~~~~~~~~~~[m[K
compilation terminated.
gmake[2]: *** [CMakeFiles/action_server.dir/build.make:76: CMakeFiles/action_server.dir/src/action_server.cpp.o] Error 1
gmake[1]: *** [CMakeFiles/Makefile2:626: CMakeFiles/action_server.dir/all] Error 2
gmake[1]: *** Waiting for unfinished jobs....
[ 75%] Built target act_mov_pkg__py
gmake: *** [Makefile:146: all] Error 2
