[0.010s] Invoking command in '/home/ubuntu/ROS2/ros_workspace_name/service_camera_ws/build/service_camera_pkg': CMAKE_PREFIX_PATH=${CMAKE_PREFIX_PATH}:/opt/ros/jazzy DEBUGINFOD_URLS=https://debuginfod.ubuntu.com /usr/bin/cmake --build /home/ubuntu/ROS2/ros_workspace_name/service_camera_ws/build/service_camera_pkg -- -j8 -l8
[0.054s] -- Found ament_cmake: 2.5.4 (/opt/ros/jazzy/share/ament_cmake/cmake)
[0.079s] -- Found Python3: /usr/bin/python3 (found version "3.12.3") found components: Interpreter 
[0.172s] -- Override CMake install command with custom implementation using symlinks instead of copying resources
[0.178s] -- Found rclcpp: 28.1.9 (/opt/ros/jazzy/share/rclcpp/cmake)
[0.210s] -- Found rosidl_generator_c: 4.6.5 (/opt/ros/jazzy/share/rosidl_generator_c/cmake)
[0.231s] -- Found rosidl_generator_cpp: 4.6.5 (/opt/ros/jazzy/share/rosidl_generator_cpp/cmake)
[0.249s] -- Using all available rosidl_typesupport_c: rosidl_typesupport_fastrtps_c;rosidl_typesupport_introspection_c
[0.269s] -- Using all available rosidl_typesupport_cpp: rosidl_typesupport_fastrtps_cpp;rosidl_typesupport_introspection_cpp
[0.371s] -- Found rmw_implementation_cmake: 7.3.2 (/opt/ros/jazzy/share/rmw_implementation_cmake/cmake)
[0.373s] -- Found rmw_fastrtps_cpp: 8.4.2 (/opt/ros/jazzy/share/rmw_fastrtps_cpp/cmake)
[0.485s] -- Using RMW implementation 'rmw_fastrtps_cpp' as default
[0.600s] -- Found rosidl_default_generators: 1.6.0 (/opt/ros/jazzy/share/rosidl_default_generators/cmake)
[0.608s] -- Found rosidl_adapter: 4.6.5 (/opt/ros/jazzy/share/rosidl_adapter/cmake)
[0.610s] -- Found sensor_msgs: 5.3.6 (/opt/ros/jazzy/share/sensor_msgs/cmake)
[0.699s] -- Found cv_bridge: 4.1.0 (/opt/ros/jazzy/share/cv_bridge/cmake)
[1.092s] -- Found ament_cmake_cppcheck: 0.17.2 (/opt/ros/jazzy/share/ament_cmake_cppcheck/cmake)
[1.092s] -- Found ament_cmake_cpplint: 0.17.2 (/opt/ros/jazzy/share/ament_cmake_cpplint/cmake)
[1.093s] -- Found ament_cmake_uncrustify: 0.17.2 (/opt/ros/jazzy/share/ament_cmake_uncrustify/cmake)
[1.095s] -- Found ament_cmake_ros: 0.12.0 (/opt/ros/jazzy/share/ament_cmake_ros/cmake)
[1.609s] -- Using all available rosidl_typesupport_c: rosidl_typesupport_fastrtps_c;rosidl_typesupport_introspection_c
[1.807s] -- Using all available rosidl_typesupport_cpp: rosidl_typesupport_fastrtps_cpp;rosidl_typesupport_introspection_cpp
[1.810s] -- Found python_cmake_module: 0.11.1 (/opt/ros/jazzy/share/python_cmake_module/cmake)
[2.188s] -- Found Python3: /usr/bin/python3 (found version "3.12.3") found components: Interpreter Development NumPy Development.Module Development.Embed 
[2.268s] -- Found ament_cmake_flake8: 0.17.2 (/opt/ros/jazzy/share/ament_cmake_flake8/cmake)
[2.269s] -- Found ament_cmake_pep257: 0.17.2 (/opt/ros/jazzy/share/ament_cmake_pep257/cmake)
[2.274s] -- Found ament_lint_auto: 0.17.2 (/opt/ros/jazzy/share/ament_lint_auto/cmake)
[2.286s] -- Added test 'cppcheck' to perform static code analysis on C / C++ code
[2.287s] -- Configured cppcheck include dirs: 
[2.287s] -- Configured cppcheck exclude dirs and/or files: 
[2.289s] -- Added test 'cpplint' to check C / C++ code against the Google style
[2.290s] -- Configured cpplint exclude dirs and/or files: 
[2.292s] -- Added test 'uncrustify' to check C / C++ code style
[2.293s] -- Configured uncrustify additional arguments: 
[2.295s] -- Added test 'lint_cmake' to check CMake code style
[2.295s] -- Added test 'xmllint' to check XML markup files
[2.300s] -- Configuring done (2.2s)
[2.397s] -- Generating done (0.1s)
[2.419s] -- Build files have been written to: /home/ubuntu/ROS2/ros_workspace_name/service_camera_ws/build/service_camera_pkg
[2.489s] failed to create symbolic link '/home/ubuntu/ROS2/ros_workspace_name/service_camera_ws/build/service_camera_pkg/ament_cmake_python/service_camera_pkg/service_camera_pkg' because existing path cannot be removed: Is a directory
[2.491s] gmake[2]: *** [CMakeFiles/ament_cmake_python_symlink_service_camera_pkg.dir/build.make:70: CMakeFiles/ament_cmake_python_symlink_service_camera_pkg] Error 1
[2.492s] gmake[1]: *** [CMakeFiles/Makefile2:454: CMakeFiles/ament_cmake_python_symlink_service_camera_pkg.dir/all] Error 2
[2.492s] gmake[1]: *** Waiting for unfinished jobs....
[2.494s] [  2%] Built target service_camera_pkg__rosidl_generator_type_description
[2.507s] [  5%] [32mBuilding CXX object CMakeFiles/turn_camera_service_server.dir/src/turn_camera_service_server.cpp.o[0m
[2.867s] [01m[K/home/ubuntu/ROS2/ros_workspace_name/service_camera_ws/src/service_camera_pkg/src/turn_camera_service_server.cpp:2:10:[m[K [01;31m[Kfatal error: [m[Kservice_camera_pkg/srv/turn_camera.hpp: No such file or directory
[2.867s]     2 | #include [01;31m[K"service_camera_pkg/srv/turn_camera.hpp"[m[K
[2.867s]       |          [01;31m[K^~~~~~~~~~~~~~~~~~~~~~~~~~~~~~~~~~~~~~~~[m[K
[2.868s] compilation terminated.
[2.872s] gmake[2]: *** [CMakeFiles/turn_camera_service_server.dir/build.make:76: CMakeFiles/turn_camera_service_server.dir/src/turn_camera_service_server.cpp.o] Error 1
[2.872s] gmake[1]: *** [CMakeFiles/Makefile2:623: CMakeFiles/turn_camera_service_server.dir/all] Error 2
[2.872s] gmake: *** [Makefile:146: all] Error 2
[2.875s] Invoked command in '/home/ubuntu/ROS2/ros_workspace_name/service_camera_ws/build/service_camera_pkg' returned '2': CMAKE_PREFIX_PATH=${CMAKE_PREFIX_PATH}:/opt/ros/jazzy DEBUGINFOD_URLS=https://debuginfod.ubuntu.com /usr/bin/cmake --build /home/ubuntu/ROS2/ros_workspace_name/service_camera_ws/build/service_camera_pkg -- -j8 -l8
